<?xml version="1.0" encoding="UTF-8"?>
<!-- Generated by org.testng.reporters.JUnitReportReporter -->
<testsuite skipped="0" hostname="Akshay-PC" name="Tests.Login.LoginTest" tests="3" failures="0" timestamp="27 Aug 2017 12:13:36 GMT" time="43.056" errors="0">
  <testcase name="TestB_user_login_check" time="12.344" classname="Tests.Login.LoginTest"/>
  <testcase name="TestA_user_invalid_login_check" time="20.221" classname="Tests.Login.LoginTest"/>
  <testcase name="TestC_user_logout_check" time="10.491" classname="Tests.Login.LoginTest"/>
</testsuite> <!-- Tests.Login.LoginTest -->
